#
# There is insufficient memory for the Java Runtime Environment to continue.
# Native memory allocation (malloc) failed to allocate 451104 bytes. Error detail: Chunk::new
# Possible reasons:
#   The system is out of physical RAM or swap space
#   This process is running with CompressedOops enabled, and the Java Heap may be blocking the growth of the native heap
# Possible solutions:
#   Reduce memory load on the system
#   Increase physical memory or swap space
#   Check if swap backing store is full
#   Decrease Java heap size (-Xmx/-Xms)
#   Decrease number of Java threads
#   Decrease Java thread stack sizes (-Xss)
#   Set larger code cache with -XX:ReservedCodeCacheSize=
#   JVM is running with Unscaled Compressed Oops mode in which the Java heap is
#     placed in the first 4GB address space. The Java Heap base address is the
#     maximum limit for the native heap growth. Please use -XX:HeapBaseMinAddress
#     to set the Java Heap base and to place the Java Heap above 4GB virtual address.
# This output file may be truncated or incomplete.
#
#  Out of Memory Error (arena.cpp:168), pid=18512, tid=12060
#
# JRE version: OpenJDK Runtime Environment Temurin-21.0.10+7 (21.0.10+7) (build 21.0.10+7-LTS)
# Java VM: OpenJDK 64-Bit Server VM Temurin-21.0.10+7 (21.0.10+7-LTS, mixed mode, sharing, tiered, compressed oops, compressed class ptrs, parallel gc, windows-amd64)
# No core dump will be written. Minidumps are not enabled by default on client versions of Windows
#

---------------  S U M M A R Y ------------

Command Line: --add-modules=ALL-SYSTEM --add-opens=java.base/java.util=ALL-UNNAMED --add-opens=java.base/java.lang=ALL-UNNAMED --add-opens=java.base/sun.nio.fs=ALL-UNNAMED -Declipse.application=org.eclipse.jdt.ls.core.id1 -Dosgi.bundles.defaultStartLevel=4 -Declipse.product=org.eclipse.jdt.ls.core.product -Djava.import.generatesMetadataFilesAtProjectRoot=false -DDetectVMInstallationsJob.disabled=true -Dfile.encoding=utf8 -XX:+UseParallelGC -XX:GCTimeRatio=4 -XX:AdaptiveSizePolicyWeight=90 -Dsun.zip.disableMemoryMapping=true -Xmx2G -Xms100m -Xlog:disable -javaagent:c:\Users\Soumya\.vscode\extensions\redhat.java-1.53.0-win32-x64\lombok\lombok-1.18.39-4050.jar -XX:+HeapDumpOnOutOfMemoryError -XX:HeapDumpPath=c:\Users\Soumya\AppData\Roaming\Code\User\workspaceStorage\7cd926918f0b6fdb5fd11386bcf5741b\redhat.java -Daether.dependencyCollector.impl=bf c:\Users\Soumya\.vscode\extensions\redhat.java-1.53.0-win32-x64\server\plugins\org.eclipse.equinox.launcher_1.7.100.v20251111-0406.jar -configuration c:\Users\Soumya\AppData\Roaming\Code\User\globalStorage\redhat.java\1.53.0\config_win -data c:\Users\Soumya\AppData\Roaming\Code\User\workspaceStorage\7cd926918f0b6fdb5fd11386bcf5741b\redhat.java\jdt_ws --pipe=\\.\pipe\lsp-6c3312470a068bd5562d508e1216a6bd-sock

Host: AMD Ryzen 7 5700U with Radeon Graphics         , 16 cores, 15G,  Windows 11 , 64 bit Build 22621 (10.0.22621.5415)
Time: Mon May 11 13:53:30 2026 India Standard Time elapsed time: 1.316608 seconds (0d 0h 0m 1s)

---------------  T H R E A D  ---------------

Current thread (0x000002a6f560eee0):  JavaThread "C2 CompilerThread1" daemon [_thread_in_native, id=12060, stack(0x000000da51500000,0x000000da51600000) (1024K)]


Current CompileTask:
C2:1316 1436       4       lombok.launch.PackageShader::apply (252 bytes)

Stack: [0x000000da51500000,0x000000da51600000]
Native frames: (J=compiled Java code, j=interpreted, Vv=VM code, C=native code)
V  [jvm.dll+0x6d7a39]
V  [jvm.dll+0x8b4b26]
V  [jvm.dll+0x8b70de]
V  [jvm.dll+0x8b77c3]
V  [jvm.dll+0x284346]
V  [jvm.dll+0xc66ed]
V  [jvm.dll+0xc6c31]
V  [jvm.dll+0x3bec3b]
V  [jvm.dll+0x38b162]
V  [jvm.dll+0x38a5aa]
V  [jvm.dll+0x24c560]
V  [jvm.dll+0x24bb40]
V  [jvm.dll+0x1cb34e]
V  [jvm.dll+0x25b85d]
V  [jvm.dll+0x259dea]
V  [jvm.dll+0x3f857e]
V  [jvm.dll+0x85f59d]
V  [jvm.dll+0x6d626d]
C  [ucrtbase.dll+0x29333]
C  [KERNEL32.DLL+0x1259d]
C  [ntdll.dll+0x5af78]


---------------  P R O C E S S  ---------------

Threads class SMR info:
_java_thread_list=0x000002a6fbae2720, length=17, elements={
0x000002a69c36bc60, 0x000002a6b2e1d130, 0x000002a6b2e1e940, 0x000002a6f54b6a40,
0x000002a6f54b8970, 0x000002a6f54b9890, 0x000002a6f54bc350, 0x000002a6f54c5290,
0x000002a6f54c2590, 0x000002a6f55c8170, 0x000002a6f55c8820, 0x000002a6f560eee0,
0x000002a6f56d68f0, 0x000002a6f56eed80, 0x000002a6fb0077a0, 0x000002a6fb05e550,
0x000002a6fb7d0f30
}

Java Threads: ( => current thread )
  0x000002a69c36bc60 JavaThread "main"                              [_thread_in_native, id=17744, stack(0x000000da50700000,0x000000da50800000) (1024K)]
  0x000002a6b2e1d130 JavaThread "Reference Handler"          daemon [_thread_blocked, id=27144, stack(0x000000da50b00000,0x000000da50c00000) (1024K)]
  0x000002a6b2e1e940 JavaThread "Finalizer"                  daemon [_thread_blocked, id=25464, stack(0x000000da50c00000,0x000000da50d00000) (1024K)]
  0x000002a6f54b6a40 JavaThread "Signal Dispatcher"          daemon [_thread_blocked, id=18912, stack(0x000000da50d00000,0x000000da50e00000) (1024K)]
  0x000002a6f54b8970 JavaThread "Attach Listener"            daemon [_thread_blocked, id=22436, stack(0x000000da50e00000,0x000000da50f00000) (1024K)]
  0x000002a6f54b9890 JavaThread "Service Thread"             daemon [_thread_blocked, id=24488, stack(0x000000da50f00000,0x000000da51000000) (1024K)]
  0x000002a6f54bc350 JavaThread "Monitor Deflation Thread"   daemon [_thread_blocked, id=23772, stack(0x000000da51000000,0x000000da51100000) (1024K)]
  0x000002a6f54c5290 JavaThread "C2 CompilerThread0"         daemon [_thread_blocked, id=13000, stack(0x000000da51100000,0x000000da51200000) (1024K)]
  0x000002a6f54c2590 JavaThread "C1 CompilerThread0"         daemon [_thread_blocked, id=976, stack(0x000000da51200000,0x000000da51300000) (1024K)]
  0x000002a6f55c8170 JavaThread "C1 CompilerThread1"         daemon [_thread_blocked, id=13164, stack(0x000000da51300000,0x000000da51400000) (1024K)]
  0x000002a6f55c8820 JavaThread "C1 CompilerThread2"         daemon [_thread_blocked, id=24476, stack(0x000000da51400000,0x000000da51500000) (1024K)]
=>0x000002a6f560eee0 JavaThread "C2 CompilerThread1"         daemon [_thread_in_native, id=12060, stack(0x000000da51500000,0x000000da51600000) (1024K)]
  0x000002a6f56d68f0 JavaThread "Common-Cleaner"             daemon [_thread_blocked, id=24376, stack(0x000000da51600000,0x000000da51700000) (1024K)]
  0x000002a6f56eed80 JavaThread "C1 CompilerThread3"         daemon [_thread_blocked, id=6448, stack(0x000000da51700000,0x000000da51800000) (1024K)]
  0x000002a6fb0077a0 JavaThread "Notification Thread"        daemon [_thread_blocked, id=23940, stack(0x000000da51800000,0x000000da51900000) (1024K)]
  0x000002a6fb05e550 JavaThread "C2 CompilerThread2"         daemon [_thread_blocked, id=7968, stack(0x000000da51900000,0x000000da51a00000) (1024K)]
  0x000002a6fb7d0f30 JavaThread "C2 CompilerThread3"         daemon [_thread_blocked, id=3728, stack(0x000000da52000000,0x000000da52100000) (1024K)]
Total: 17

Other Threads:
  0x000002a6b2e04510 VMThread "VM Thread"                           [id=22564, stack(0x000000da50a00000,0x000000da50b00000) (1024K)]
  0x000002a69c3d8ea0 WatcherThread "VM Periodic Task Thread"        [id=21900, stack(0x000000da50900000,0x000000da50a00000) (1024K)]
  0x000002a69c38b210 WorkerThread "GC Thread#0"                     [id=28308, stack(0x000000da50800000,0x000000da50900000) (1024K)]
  0x000002a6fbbcdb70 WorkerThread "GC Thread#1"                     [id=18460, stack(0x000000da51a00000,0x000000da51b00000) (1024K)]
  0x000002a6fb7eb930 WorkerThread "GC Thread#2"                     [id=7608, stack(0x000000da51b00000,0x000000da51c00000) (1024K)]
  0x000002a6fb87e4a0 WorkerThread "GC Thread#3"                     [id=16264, stack(0x000000da51c00000,0x000000da51d00000) (1024K)]
  0x000002a6fb87e850 WorkerThread "GC Thread#4"                     [id=26936, stack(0x000000da51d00000,0x000000da51e00000) (1024K)]
  0x000002a6fb7ec4f0 WorkerThread "GC Thread#5"                     [id=4184, stack(0x000000da51e00000,0x000000da51f00000) (1024K)]
  0x000002a6fbae20e0 WorkerThread "GC Thread#6"                     [id=14328, stack(0x000000da51f00000,0x000000da52000000) (1024K)]
Total: 9

Threads with active compile tasks:
C2 CompilerThread1  1347 1436       4       lombok.launch.PackageShader::apply (252 bytes)
Total: 1

VM state: not at safepoint (normal execution)

VM Mutex/Monitor currently owned by a thread: None

Heap address: 0x0000000080000000, size: 2048 MB, Compressed Oops mode: 32-bit

CDS archive(s) mapped at: [0x000002a6b3000000-0x000002a6b3ba0000-0x000002a6b3ba0000), size 12189696, SharedBaseAddress: 0x000002a6b3000000, ArchiveRelocationMode: 1.
Compressed class space mapped at: 0x000002a6b4000000-0x000002a6f4000000, reserved size: 1073741824
Narrow klass base: 0x000002a6b3000000, Narrow klass shift: 0, Narrow klass range: 0x100000000

GC Precious Log:
 CardTable entry size: 512
 CPUs: 16 total, 16 available
 Memory: 15706M
 Large Page Support: Disabled
 NUMA Support: Disabled
 Compressed Oops: Enabled (32-bit)
 Alignments: Space 512K, Generation 512K, Heap 2M
 Heap Min Capacity: 100M
 Heap Initial Capacity: 100M
 Heap Max Capacity: 2G
 Pre-touch: Disabled
 Parallel Workers: 13

Heap:
 PSYoungGen      total 29696K, used 16907K [0x00000000d5580000, 0x00000000d7680000, 0x0000000100000000)
  eden space 25600K, 51% used [0x00000000d5580000,0x00000000d626beb0,0x00000000d6e80000)
  from space 4096K, 89% used [0x00000000d6e80000,0x00000000d7216fe0,0x00000000d7280000)
  to   space 4096K, 0% used [0x00000000d7280000,0x00000000d7280000,0x00000000d7680000)
 ParOldGen       total 68608K, used 16K [0x0000000080000000, 0x0000000084300000, 0x00000000d5580000)
  object space 68608K, 0% used [0x0000000080000000,0x0000000080004000,0x0000000084300000)
 Metaspace       used 6298K, committed 6592K, reserved 1114112K
  class space    used 635K, committed 768K, reserved 1048576K

Card table byte_map: [0x000002a69bd10000,0x000002a69c120000] _byte_map_base: 0x000002a69b910000

Marking Bits: (ParMarkBitMap*) 0x00007fffc9603450
 Begin Bits: [0x000002a6ae820000, 0x000002a6b0820000)
 End Bits:   [0x000002a6b0820000, 0x000002a6b2820000)

Polling page: 0x000002a69a220000

Metaspace:

Usage:
  Non-class:      5.53 MB used.
      Class:    635.30 KB used.
       Both:      6.15 MB used.

Virtual space:
  Non-class space:       64.00 MB reserved,       5.69 MB (  9%) committed,  1 nodes.
      Class space:        1.00 GB reserved,     768.00 KB ( <1%) committed,  1 nodes.
             Both:        1.06 GB reserved,       6.44 MB ( <1%) committed. 

Chunk freelists:
   Non-Class:  9.89 MB
       Class:  15.06 MB
        Both:  24.95 MB

MaxMetaspaceSize: unlimited
CompressedClassSpaceSize: 1.00 GB
Initial GC threshold: 21.00 MB
Current GC threshold: 21.00 MB
CDS: on
 - commit_granule_bytes: 65536.
 - commit_granule_words: 8192.
 - virtual_space_node_default_size: 8388608.
 - enlarge_chunks_in_place: 1.
 - use_allocation_guard: 0.


Internal statistics:

num_allocs_failed_limit: 0.
num_arena_births: 190.
num_arena_deaths: 0.
num_vsnodes_births: 2.
num_vsnodes_deaths: 0.
num_space_committed: 103.
num_space_uncommitted: 0.
num_chunks_returned_to_freelist: 0.
num_chunks_taken_from_freelist: 320.
num_chunk_merges: 0.
num_chunk_splits: 206.
num_chunks_enlarged: 131.
num_inconsistent_stats: 0.

CodeHeap 'non-profiled nmethods': size=119168Kb used=605Kb max_used=605Kb free=118562Kb
 bounds [0x000002a6a7110000, 0x000002a6a7380000, 0x000002a6ae570000]
CodeHeap 'profiled nmethods': size=119104Kb used=2537Kb max_used=2537Kb free=116566Kb
 bounds [0x000002a69f570000, 0x000002a69f7f0000, 0x000002a6a69c0000]
CodeHeap 'non-nmethods': size=7488Kb used=2896Kb max_used=2926Kb free=4591Kb
 bounds [0x000002a6a69c0000, 0x000002a6a6ca0000, 0x000002a6a7110000]
CodeCache: size=245760Kb, used=6038Kb, max_used=6068Kb, free=239719Kb
 total_blobs=1938, nmethods=1464, adapters=378, full_count=0
Compilation: enabled, stopped_count=0, restarted_count=0

Compilation events (20 events):
Event: 1.283 Thread 0x000002a6f56eed80 1442       3       java.lang.ClassLoader::getNamedPackage (73 bytes)
Event: 1.284 Thread 0x000002a6f56eed80 nmethod 1442 0x000002a69f7dfb90 code [0x000002a69f7dfd80, 0x000002a69f7e02e0]
Event: 1.284 Thread 0x000002a6f55c8820 nmethod 1441 0x000002a69f7e0490 code [0x000002a69f7e0680, 0x000002a69f7e0c00]
Event: 1.289 Thread 0x000002a6fb7d0f30 nmethod 1412 0x000002a6a719ae10 code [0x000002a6a719b0e0, 0x000002a6a719c760]
Event: 1.291 Thread 0x000002a6fb7d0f30 1443       4       java.net.URI::match (56 bytes)
Event: 1.292 Thread 0x000002a6fb7d0f30 nmethod 1443 0x000002a6a719d690 code [0x000002a6a719d820, 0x000002a6a719d8e8]
Event: 1.297 Thread 0x000002a6f54c2590 1444       3       sun.net.util.URLUtil::urlNoFragString (143 bytes)
Event: 1.298 Thread 0x000002a6f54c2590 nmethod 1444 0x000002a69f7e0f10 code [0x000002a69f7e1240, 0x000002a69f7e21b8]
Event: 1.299 Thread 0x000002a6f54c2590 1445       1       java.net.JarURLConnection::getJarFileURL (5 bytes)
Event: 1.299 Thread 0x000002a6f54c2590 nmethod 1445 0x000002a6a719d990 code [0x000002a6a719db20, 0x000002a6a719dbe8]
Event: 1.302 Thread 0x000002a6f54c5290 nmethod 1415 0x000002a6a719dc90 code [0x000002a6a719dfe0, 0x000002a6a719f0f8]
Event: 1.305 Thread 0x000002a6f55c8820 1446       3       java.io.File::isDirectory (34 bytes)
Event: 1.306 Thread 0x000002a6f54c2590 1447       1       java.net.JarURLConnection::getEntryName (5 bytes)
Event: 1.306 Thread 0x000002a6f54c2590 nmethod 1447 0x000002a6a71a0190 code [0x000002a6a71a0320, 0x000002a6a71a03e8]
Event: 1.306 Thread 0x000002a6f55c8820 nmethod 1446 0x000002a69f7e2790 code [0x000002a69f7e2980, 0x000002a69f7e2d88]
Event: 1.309 Thread 0x000002a6f55c8170 1448       3       java.net.URI$Parser::scan (53 bytes)
Event: 1.310 Thread 0x000002a6f55c8170 nmethod 1448 0x000002a69f7e2f10 code [0x000002a69f7e3160, 0x000002a69f7e39c8]
Event: 1.311 Thread 0x000002a6f56eed80 1449       3       java.net.URI::quote (214 bytes)
Event: 1.312 Thread 0x000002a6fb05e550 nmethod 1385 0x000002a6a71a0490 code [0x000002a6a71a07e0, 0x000002a6a71a3030]
Event: 1.314 Thread 0x000002a6f56eed80 nmethod 1449 0x000002a69f7e3e10 code [0x000002a69f7e41c0, 0x000002a69f7e5908]

GC Heap History (2 events):
Event: 0.933 GC heap before
{Heap before GC invocations=1 (full 0):
 PSYoungGen      total 29696K, used 25600K [0x00000000d5580000, 0x00000000d7680000, 0x0000000100000000)
  eden space 25600K, 100% used [0x00000000d5580000,0x00000000d6e80000,0x00000000d6e80000)
  from space 4096K, 0% used [0x00000000d7280000,0x00000000d7280000,0x00000000d7680000)
  to   space 4096K, 0% used [0x00000000d6e80000,0x00000000d6e80000,0x00000000d7280000)
 ParOldGen       total 68608K, used 0K [0x0000000080000000, 0x0000000084300000, 0x00000000d5580000)
  object space 68608K, 0% used [0x0000000080000000,0x0000000080000000,0x0000000084300000)
 Metaspace       used 4159K, committed 4416K, reserved 1114112K
  class space    used 453K, committed 576K, reserved 1048576K
}
Event: 0.942 GC heap after
{Heap after GC invocations=1 (full 0):
 PSYoungGen      total 29696K, used 3675K [0x00000000d5580000, 0x00000000d7680000, 0x0000000100000000)
  eden space 25600K, 0% used [0x00000000d5580000,0x00000000d5580000,0x00000000d6e80000)
  from space 4096K, 89% used [0x00000000d6e80000,0x00000000d7216fe0,0x00000000d7280000)
  to   space 4096K, 0% used [0x00000000d7280000,0x00000000d7280000,0x00000000d7680000)
 ParOldGen       total 68608K, used 16K [0x0000000080000000, 0x0000000084300000, 0x00000000d5580000)
  object space 68608K, 0% used [0x0000000080000000,0x0000000080004000,0x0000000084300000)
 Metaspace       used 4159K, committed 4416K, reserved 1114112K
  class space    used 453K, committed 576K, reserved 1048576K
}

Dll operation events (8 events):
Event: 0.017 Loaded shared library c:\Users\Soumya\.vscode\extensions\redhat.java-1.53.0-win32-x64\jre\21.0.10-win32-x86_64\bin\java.dll
Event: 0.130 Loaded shared library c:\Users\Soumya\.vscode\extensions\redhat.java-1.53.0-win32-x64\jre\21.0.10-win32-x86_64\bin\zip.dll
Event: 0.168 Loaded shared library C:\Users\Soumya\.vscode\extensions\redhat.java-1.53.0-win32-x64\jre\21.0.10-win32-x86_64\bin\instrument.dll
Event: 0.175 Loaded shared library C:\Users\Soumya\.vscode\extensions\redhat.java-1.53.0-win32-x64\jre\21.0.10-win32-x86_64\bin\net.dll
Event: 0.180 Loaded shared library C:\Users\Soumya\.vscode\extensions\redhat.java-1.53.0-win32-x64\jre\21.0.10-win32-x86_64\bin\nio.dll
Event: 0.186 Loaded shared library C:\Users\Soumya\.vscode\extensions\redhat.java-1.53.0-win32-x64\jre\21.0.10-win32-x86_64\bin\zip.dll
Event: 0.213 Loaded shared library C:\Users\Soumya\.vscode\extensions\redhat.java-1.53.0-win32-x64\jre\21.0.10-win32-x86_64\bin\jimage.dll
Event: 0.321 Loaded shared library c:\Users\Soumya\.vscode\extensions\redhat.java-1.53.0-win32-x64\jre\21.0.10-win32-x86_64\bin\verify.dll

Deoptimization events (20 events):
Event: 1.151 Thread 0x000002a69c36bc60 Uncommon trap: trap_request=0xffffff45 fr.pc=0x000002a6a71577f8 relative=0x0000000000000198
Event: 1.151 Thread 0x000002a69c36bc60 Uncommon trap: reason=unstable_if action=reinterpret pc=0x000002a6a71577f8 method=java.lang.invoke.VarHandle.checkAccessModeThenIsDirect(Ljava/lang/invoke/VarHandle$AccessDescriptor;)Z @ 4 c2
Event: 1.151 Thread 0x000002a69c36bc60 DEOPT PACKING pc=0x000002a6a71577f8 sp=0x000000da507fecf0
Event: 1.151 Thread 0x000002a69c36bc60 DEOPT UNPACKING pc=0x000002a6a6a13aa2 sp=0x000000da507fec48 mode 2
Event: 1.196 Thread 0x000002a69c36bc60 Uncommon trap: trap_request=0xffffffde fr.pc=0x000002a6a715890c relative=0x00000000000004ec
Event: 1.196 Thread 0x000002a69c36bc60 Uncommon trap: reason=class_check action=maybe_recompile pc=0x000002a6a715890c method=java.util.Collections$UnmodifiableCollection$1.<init>(Ljava/util/Collections$UnmodifiableCollection;)V @ 17 c2
Event: 1.196 Thread 0x000002a69c36bc60 DEOPT PACKING pc=0x000002a6a715890c sp=0x000000da507fed70
Event: 1.196 Thread 0x000002a69c36bc60 DEOPT UNPACKING pc=0x000002a6a6a13aa2 sp=0x000000da507fed28 mode 2
Event: 1.259 Thread 0x000002a69c36bc60 Uncommon trap: trap_request=0xffffff45 fr.pc=0x000002a6a716b55c relative=0x000000000000109c
Event: 1.259 Thread 0x000002a69c36bc60 Uncommon trap: reason=unstable_if action=reinterpret pc=0x000002a6a716b55c method=lombok.patcher.PatchScript.classMatches(Ljava/lang/String;Ljava/util/Collection;)Z @ 25 c2
Event: 1.259 Thread 0x000002a69c36bc60 DEOPT PACKING pc=0x000002a6a716b55c sp=0x000000da507f9010
Event: 1.259 Thread 0x000002a69c36bc60 DEOPT UNPACKING pc=0x000002a6a6a13aa2 sp=0x000000da507f8f78 mode 2
Event: 1.262 Thread 0x000002a69c36bc60 DEOPT PACKING pc=0x000002a69f62138d sp=0x000000da507f8460
Event: 1.262 Thread 0x000002a69c36bc60 DEOPT UNPACKING pc=0x000002a6a6a14242 sp=0x000000da507f7910 mode 0
Event: 1.291 Thread 0x000002a69c36bc60 DEOPT PACKING pc=0x000002a69f62138d sp=0x000000da507f4910
Event: 1.292 Thread 0x000002a69c36bc60 DEOPT UNPACKING pc=0x000002a6a6a14242 sp=0x000000da507f3dc0 mode 0
Event: 1.294 Thread 0x000002a69c36bc60 DEOPT PACKING pc=0x000002a69f62138d sp=0x000000da507f4910
Event: 1.294 Thread 0x000002a69c36bc60 DEOPT UNPACKING pc=0x000002a6a6a14242 sp=0x000000da507f3dc0 mode 0
Event: 1.306 Thread 0x000002a69c36bc60 DEOPT PACKING pc=0x000002a69f62138d sp=0x000000da507f8370
Event: 1.306 Thread 0x000002a69c36bc60 DEOPT UNPACKING pc=0x000002a6a6a14242 sp=0x000000da507f7820 mode 0

Classes loaded (20 events):
Event: 1.198 Loading class java/util/concurrent/SynchronousQueue$Transferer
Event: 1.198 Loading class java/util/concurrent/LinkedTransferQueue
Event: 1.199 Loading class java/util/concurrent/TransferQueue
Event: 1.199 Loading class java/util/concurrent/TransferQueue done
Event: 1.199 Loading class java/util/concurrent/LinkedTransferQueue done
Event: 1.199 Loading class java/util/concurrent/SynchronousQueue$Transferer done
Event: 1.199 Loading class java/util/concurrent/LinkedTransferQueue$DualNode
Event: 1.199 Loading class java/util/concurrent/LinkedTransferQueue$DualNode done
Event: 1.200 Loading class java/util/concurrent/RejectedExecutionHandler
Event: 1.201 Loading class java/util/concurrent/RejectedExecutionHandler done
Event: 1.201 Loading class java/util/concurrent/LinkedBlockingQueue
Event: 1.201 Loading class java/util/concurrent/LinkedBlockingQueue done
Event: 1.201 Loading class java/util/concurrent/LinkedBlockingQueue$Node
Event: 1.201 Loading class java/util/concurrent/LinkedBlockingQueue$Node done
Event: 1.216 Loading class java/util/concurrent/Semaphore$NonfairSync
Event: 1.216 Loading class java/util/concurrent/Semaphore$Sync
Event: 1.216 Loading class java/util/concurrent/Semaphore$Sync done
Event: 1.216 Loading class java/util/concurrent/Semaphore$NonfairSync done
Event: 1.272 Loading class java/lang/TypeNotPresentException
Event: 1.272 Loading class java/lang/TypeNotPresentException done

Classes unloaded (0 events):
No events

Classes redefined (0 events):
No events

Internal exceptions (20 events):
Event: 0.715 Thread 0x000002a69c36bc60 Exception <a 'java/io/FileNotFoundException'{0x00000000d664fe48}> (0x00000000d664fe48) 
thrown [s\src\hotspot\share\prims\jni.cpp, line 520]
Event: 0.716 Thread 0x000002a69c36bc60 Exception <a 'java/io/FileNotFoundException'{0x00000000d6650ac0}> (0x00000000d6650ac0) 
thrown [s\src\hotspot\share\prims\jni.cpp, line 520]
Event: 0.716 Thread 0x000002a69c36bc60 Exception <a 'java/io/FileNotFoundException'{0x00000000d6651600}> (0x00000000d6651600) 
thrown [s\src\hotspot\share\prims\jni.cpp, line 520]
Event: 0.723 Thread 0x000002a69c36bc60 Implicit null exception at 0x000002a6a713d5a4 to 0x000002a6a713db38
Event: 0.726 Thread 0x000002a69c36bc60 Exception <a 'java/io/FileNotFoundException'{0x00000000d668b760}> (0x00000000d668b760) 
thrown [s\src\hotspot\share\prims\jni.cpp, line 520]
Event: 0.741 Thread 0x000002a69c36bc60 Exception <a 'java/lang/NoSuchMethodError'{0x00000000d66c8130}: 'java.lang.Object java.lang.invoke.DirectMethodHandle$Holder.invokeInterface(java.lang.Object, java.lang.Object)'> (0x00000000d66c8130) 
thrown [s\src\hotspot\share\interpreter\linkResolver.cpp, line 773]
Event: 0.747 Thread 0x000002a69c36bc60 Exception <a 'java/lang/NoSuchMethodError'{0x00000000d66dbba0}: 'java.lang.Object java.lang.invoke.Invokers$Holder.invokeExact_MT(java.lang.Object, java.lang.Object, java.lang.Object, java.lang.Object, java.lang.Object, java.lang.Object)'> (0x00000000d66dbba0) 
thrown [s\src\hotspot\share\interpreter\linkResolver.cpp, line 773]
Event: 0.753 Thread 0x000002a69c36bc60 Exception <a 'java/lang/NoSuchMethodError'{0x00000000d66f2c78}: 'int java.lang.invoke.DirectMethodHandle$Holder.invokeStatic(java.lang.Object, java.lang.Object, java.lang.Object, java.lang.Object, java.lang.Object)'> (0x00000000d66f2c78) 
thrown [s\src\hotspot\share\interpreter\linkResolver.cpp, line 773]
Event: 0.789 Thread 0x000002a69c36bc60 Exception <a 'java/lang/NoSuchMethodError'{0x00000000d6789430}: 'java.lang.Object java.lang.invoke.DirectMethodHandle$Holder.invokeInterface(java.lang.Object, java.lang.Object, int)'> (0x00000000d6789430) 
thrown [s\src\hotspot\share\interpreter\linkResolver.cpp, line 773]
Event: 0.897 Thread 0x000002a69c36bc60 Exception <a 'java/lang/NoSuchMethodError'{0x00000000d6bf9370}: 'java.lang.ClassLoader java.lang.ClassLoader.getPlatformClassLoader(java.lang.Class)'> (0x00000000d6bf9370) 
thrown [s\src\hotspot\share\interpreter\linkResolver.cpp, line 773]
Event: 0.988 Thread 0x000002a69c36bc60 Exception <a 'java/lang/ClassNotFoundException'{0x00000000d57589d8}: sun/net/www/protocol/c/Handler> (0x00000000d57589d8) 
thrown [s\src\hotspot\share\classfile\systemDictionary.cpp, line 312]
Event: 0.988 Thread 0x000002a69c36bc60 Exception <a 'java/lang/ClassNotFoundException'{0x00000000d5759d50}: sun/net/www/protocol/d/Handler> (0x00000000d5759d50) 
thrown [s\src\hotspot\share\classfile\systemDictionary.cpp, line 312]
Event: 0.988 Thread 0x000002a69c36bc60 Exception <a 'java/lang/ClassNotFoundException'{0x00000000d575af08}: sun/net/www/protocol/c/Handler> (0x00000000d575af08) 
thrown [s\src\hotspot\share\classfile\systemDictionary.cpp, line 312]
Event: 0.999 Thread 0x000002a69c36bc60 Exception <a 'java/io/FileNotFoundException'{0x00000000d578cc00}> (0x00000000d578cc00) 
thrown [s\src\hotspot\share\prims\jni.cpp, line 520]
Event: 1.048 Thread 0x000002a69c36bc60 Implicit null exception at 0x000002a6a71816c9 to 0x000002a6a7182184
Event: 1.048 Thread 0x000002a69c36bc60 Implicit null exception at 0x000002a6a7177a9a to 0x000002a6a7177ca4
Event: 1.049 Thread 0x000002a69c36bc60 Exception <a 'java/lang/NoSuchMethodError'{0x00000000d58bde20}: 'void java.lang.invoke.DirectMethodHandle$Holder.invokeStatic(java.lang.Object, java.lang.Object, java.lang.Object, java.lang.Object)'> (0x00000000d58bde20) 
thrown [s\src\hotspot\share\interpreter\linkResolver.cpp, line 773]
Event: 1.051 Thread 0x000002a69c36bc60 Implicit null exception at 0x000002a6a717111a to 0x000002a6a7171324
Event: 1.051 Thread 0x000002a69c36bc60 Implicit null exception at 0x000002a6a7170d3d to 0x000002a6a7170dc1
Event: 1.170 Thread 0x000002a69c36bc60 Exception <a 'java/lang/NoSuchMethodError'{0x00000000d5c26e18}: 'void java.lang.invoke.DirectMethodHandle$Holder.invokeSpecial(java.lang.Object, java.lang.Object, java.lang.Object)'> (0x00000000d5c26e18) 
thrown [s\src\hotspot\share\interpreter\linkResolver.cpp, line 773]

ZGC Phase Switch (0 events):
No events

VM Operations (12 events):
Event: 0.127 Executing non-safepoint VM operation: HandshakeAllThreads (Deoptimize)
Event: 0.128 Executing non-safepoint VM operation: HandshakeAllThreads (Deoptimize) done
Event: 0.230 Executing non-safepoint VM operation: HandshakeAllThreads (Deoptimize)
Event: 0.230 Executing non-safepoint VM operation: HandshakeAllThreads (Deoptimize) done
Event: 0.646 Executing non-safepoint VM operation: HandshakeAllThreads (Deoptimize)
Event: 0.646 Executing non-safepoint VM operation: HandshakeAllThreads (Deoptimize) done
Event: 0.667 Executing non-safepoint VM operation: HandshakeAllThreads (Deoptimize)
Event: 0.667 Executing non-safepoint VM operation: HandshakeAllThreads (Deoptimize) done
Event: 0.933 Executing safepoint VM operation: ParallelGCFailedAllocation (Allocation Failure)
Event: 0.942 Executing safepoint VM operation: ParallelGCFailedAllocation (Allocation Failure) done
Event: 0.963 Executing non-safepoint VM operation: HandshakeAllThreads (Deoptimize)
Event: 0.963 Executing non-safepoint VM operation: HandshakeAllThreads (Deoptimize) done

Memory protections (0 events):
No events

Nmethod flushes (0 events):
No events

Events (17 events):
Event: 0.046 Thread 0x000002a69c36bc60 Thread added: 0x000002a69c36bc60
Event: 0.071 Thread 0x000002a69c36bc60 Thread added: 0x000002a6b2e1d130
Event: 0.071 Thread 0x000002a69c36bc60 Thread added: 0x000002a6b2e1e940
Event: 0.071 Thread 0x000002a69c36bc60 Thread added: 0x000002a6f54b6a40
Event: 0.071 Thread 0x000002a69c36bc60 Thread added: 0x000002a6f54b8970
Event: 0.071 Thread 0x000002a69c36bc60 Thread added: 0x000002a6f54b9890
Event: 0.071 Thread 0x000002a69c36bc60 Thread added: 0x000002a6f54bc350
Event: 0.072 Thread 0x000002a69c36bc60 Thread added: 0x000002a6f54c5290
Event: 0.072 Thread 0x000002a69c36bc60 Thread added: 0x000002a6f54c2590
Event: 0.127 Thread 0x000002a6f54c2590 Thread added: 0x000002a6f55c8170
Event: 0.127 Thread 0x000002a6f54c2590 Thread added: 0x000002a6f55c8820
Event: 0.139 Thread 0x000002a6f54c5290 Thread added: 0x000002a6f560eee0
Event: 0.171 Thread 0x000002a69c36bc60 Thread added: 0x000002a6f56d68f0
Event: 0.224 Thread 0x000002a6f54c2590 Thread added: 0x000002a6f56eed80
Event: 0.475 Thread 0x000002a69c36bc60 Thread added: 0x000002a6fb0077a0
Event: 0.586 Thread 0x000002a6f56eed80 Thread added: 0x000002a6fb05e550
Event: 1.244 Thread 0x000002a6f56eed80 Thread added: 0x000002a6fb7d0f30


Dynamic libraries:
0x00007ff7c2790000 - 0x00007ff7c279e000 	c:\Users\Soumya\.vscode\extensions\redhat.java-1.53.0-win32-x64\jre\21.0.10-win32-x86_64\bin\java.exe
0x00007ff822ef0000 - 0x00007ff823108000 	C:\WINDOWS\SYSTEM32\ntdll.dll
0x00007ff821da0000 - 0x00007ff821e64000 	C:\WINDOWS\System32\KERNEL32.DLL
0x00007ff820550000 - 0x00007ff820923000 	C:\WINDOWS\System32\KERNELBASE.dll
0x00007ff820390000 - 0x00007ff8204a1000 	C:\WINDOWS\System32\ucrtbase.dll
0x00007ff809ba0000 - 0x00007ff809bbe000 	c:\Users\Soumya\.vscode\extensions\redhat.java-1.53.0-win32-x64\jre\21.0.10-win32-x86_64\bin\VCRUNTIME140.dll
0x00007ff809bc0000 - 0x00007ff809bd8000 	c:\Users\Soumya\.vscode\extensions\redhat.java-1.53.0-win32-x64\jre\21.0.10-win32-x86_64\bin\jli.dll
0x00007ff821b20000 - 0x00007ff821cd2000 	C:\WINDOWS\System32\USER32.dll
0x00007ff80fb50000 - 0x00007ff80fdec000 	C:\WINDOWS\WinSxS\amd64_microsoft.windows.common-controls_6595b64144ccf1df_6.0.22621.6060_none_2712eda17382d24b\COMCTL32.dll
0x00007ff820140000 - 0x00007ff820166000 	C:\WINDOWS\System32\win32u.dll
0x00007ff8226b0000 - 0x00007ff822757000 	C:\WINDOWS\System32\msvcrt.dll
0x00007ff821ae0000 - 0x00007ff821b09000 	C:\WINDOWS\System32\GDI32.dll
0x00007ff820930000 - 0x00007ff820a4b000 	C:\WINDOWS\System32\gdi32full.dll
0x00007ff8204b0000 - 0x00007ff82054a000 	C:\WINDOWS\System32\msvcp_win.dll
0x00007ff820e90000 - 0x00007ff820ec1000 	C:\WINDOWS\System32\IMM32.DLL
0x00007ff811ef0000 - 0x00007ff811efc000 	c:\Users\Soumya\.vscode\extensions\redhat.java-1.53.0-win32-x64\jre\21.0.10-win32-x86_64\bin\vcruntime140_1.dll
0x00007ff809b10000 - 0x00007ff809b9d000 	c:\Users\Soumya\.vscode\extensions\redhat.java-1.53.0-win32-x64\jre\21.0.10-win32-x86_64\bin\msvcp140.dll
0x00007fffc8940000 - 0x00007fffc96e1000 	c:\Users\Soumya\.vscode\extensions\redhat.java-1.53.0-win32-x64\jre\21.0.10-win32-x86_64\bin\server\jvm.dll
0x00007ff821090000 - 0x00007ff821141000 	C:\WINDOWS\System32\ADVAPI32.dll
0x00007ff821cf0000 - 0x00007ff821d98000 	C:\WINDOWS\System32\sechost.dll
0x00007ff820170000 - 0x00007ff820198000 	C:\WINDOWS\System32\bcrypt.dll
0x00007ff822be0000 - 0x00007ff822cf8000 	C:\WINDOWS\System32\RPCRT4.dll
0x00007ff820b90000 - 0x00007ff820c01000 	C:\WINDOWS\System32\WS2_32.dll
0x00007ff81f880000 - 0x00007ff81f8cd000 	C:\WINDOWS\SYSTEM32\POWRPROF.dll
0x00007ff81a1f0000 - 0x00007ff81a224000 	C:\WINDOWS\SYSTEM32\WINMM.dll
0x00007ff814e50000 - 0x00007ff814e5a000 	C:\WINDOWS\SYSTEM32\VERSION.dll
0x00007ff81f860000 - 0x00007ff81f873000 	C:\WINDOWS\SYSTEM32\UMPDC.dll
0x00007ff81efe0000 - 0x00007ff81eff8000 	C:\WINDOWS\SYSTEM32\kernel.appcore.dll
0x00007ff810a70000 - 0x00007ff810a7a000 	c:\Users\Soumya\.vscode\extensions\redhat.java-1.53.0-win32-x64\jre\21.0.10-win32-x86_64\bin\jimage.dll
0x00007ff81cfd0000 - 0x00007ff81d203000 	C:\WINDOWS\SYSTEM32\DBGHELP.DLL
0x00007ff822310000 - 0x00007ff8226a1000 	C:\WINDOWS\System32\combase.dll
0x00007ff822230000 - 0x00007ff822308000 	C:\WINDOWS\System32\OLEAUT32.dll
0x00007ff804570000 - 0x00007ff8045a2000 	C:\WINDOWS\SYSTEM32\dbgcore.DLL
0x00007ff8201a0000 - 0x00007ff82021b000 	C:\WINDOWS\System32\bcryptPrimitives.dll
0x00007ff8106c0000 - 0x00007ff8106cf000 	c:\Users\Soumya\.vscode\extensions\redhat.java-1.53.0-win32-x64\jre\21.0.10-win32-x86_64\bin\instrument.dll
0x00007ff809540000 - 0x00007ff809560000 	c:\Users\Soumya\.vscode\extensions\redhat.java-1.53.0-win32-x64\jre\21.0.10-win32-x86_64\bin\java.dll
0x00007ff8211c0000 - 0x00007ff821a5c000 	C:\WINDOWS\System32\SHELL32.dll
0x00007ff820000000 - 0x00007ff82013f000 	C:\WINDOWS\System32\wintypes.dll
0x00007ff81df00000 - 0x00007ff81e81a000 	C:\WINDOWS\SYSTEM32\windows.storage.dll
0x00007ff821f90000 - 0x00007ff822094000 	C:\WINDOWS\System32\SHCORE.dll
0x00007ff821150000 - 0x00007ff8211b9000 	C:\WINDOWS\System32\shlwapi.dll
0x00007ff81ff30000 - 0x00007ff81ff55000 	C:\WINDOWS\SYSTEM32\profapi.dll
0x00007ff809520000 - 0x00007ff809538000 	c:\Users\Soumya\.vscode\extensions\redhat.java-1.53.0-win32-x64\jre\21.0.10-win32-x86_64\bin\zip.dll
0x00007ff80c830000 - 0x00007ff80c840000 	C:\Users\Soumya\.vscode\extensions\redhat.java-1.53.0-win32-x64\jre\21.0.10-win32-x86_64\bin\net.dll
0x00007ff81baa0000 - 0x00007ff81bbcc000 	C:\WINDOWS\SYSTEM32\WINHTTP.dll
0x00007ff81f530000 - 0x00007ff81f599000 	C:\WINDOWS\system32\mswsock.dll
0x00007ff808880000 - 0x00007ff808896000 	C:\Users\Soumya\.vscode\extensions\redhat.java-1.53.0-win32-x64\jre\21.0.10-win32-x86_64\bin\nio.dll
0x00007ff809510000 - 0x00007ff809520000 	c:\Users\Soumya\.vscode\extensions\redhat.java-1.53.0-win32-x64\jre\21.0.10-win32-x86_64\bin\verify.dll

JVMTI agents:
c:\Users\Soumya\.vscode\extensions\redhat.java-1.53.0-win32-x64\lombok\lombok-1.18.39-4050.jar path:c:\Users\Soumya\.vscode\extensions\redhat.java-1.53.0-win32-x64\jre\21.0.10-win32-x86_64\bin\instrument.dll, loaded, initialized, instrumentlib options:none

dbghelp: loaded successfully - version: 4.0.5 - missing functions: none
symbol engine: initialized successfully - sym options: 0x614 - pdb path: .;c:\Users\Soumya\.vscode\extensions\redhat.java-1.53.0-win32-x64\jre\21.0.10-win32-x86_64\bin;C:\WINDOWS\SYSTEM32;C:\WINDOWS\WinSxS\amd64_microsoft.windows.common-controls_6595b64144ccf1df_6.0.22621.6060_none_2712eda17382d24b;c:\Users\Soumya\.vscode\extensions\redhat.java-1.53.0-win32-x64\jre\21.0.10-win32-x86_64\bin\server

VM Arguments:
jvm_args: --add-modules=ALL-SYSTEM --add-opens=java.base/java.util=ALL-UNNAMED --add-opens=java.base/java.lang=ALL-UNNAMED --add-opens=java.base/sun.nio.fs=ALL-UNNAMED -Declipse.application=org.eclipse.jdt.ls.core.id1 -Dosgi.bundles.defaultStartLevel=4 -Declipse.product=org.eclipse.jdt.ls.core.product -Djava.import.generatesMetadataFilesAtProjectRoot=false -DDetectVMInstallationsJob.disabled=true -Dfile.encoding=utf8 -XX:+UseParallelGC -XX:GCTimeRatio=4 -XX:AdaptiveSizePolicyWeight=90 -Dsun.zip.disableMemoryMapping=true -Xmx2G -Xms100m -Xlog:disable -javaagent:c:\Users\Soumya\.vscode\extensions\redhat.java-1.53.0-win32-x64\lombok\lombok-1.18.39-4050.jar -XX:+HeapDumpOnOutOfMemoryError -XX:HeapDumpPath=c:\Users\Soumya\AppData\Roaming\Code\User\workspaceStorage\7cd926918f0b6fdb5fd11386bcf5741b\redhat.java -Daether.dependencyCollector.impl=bf 
java_command: c:\Users\Soumya\.vscode\extensions\redhat.java-1.53.0-win32-x64\server\plugins\org.eclipse.equinox.launcher_1.7.100.v20251111-0406.jar -configuration c:\Users\Soumya\AppData\Roaming\Code\User\globalStorage\redhat.java\1.53.0\config_win -data c:\Users\Soumya\AppData\Roaming\Code\User\workspaceStorage\7cd926918f0b6fdb5fd11386bcf5741b\redhat.java\jdt_ws --pipe=\\.\pipe\lsp-6c3312470a068bd5562d508e1216a6bd-sock
java_class_path (initial): c:\Users\Soumya\.vscode\extensions\redhat.java-1.53.0-win32-x64\server\plugins\org.eclipse.equinox.launcher_1.7.100.v20251111-0406.jar
Launcher Type: SUN_STANDARD

[Global flags]
    uintx AdaptiveSizePolicyWeight                 = 90                                        {product} {command line}
     intx CICompilerCount                          = 12                                        {product} {ergonomic}
    uintx GCTimeRatio                              = 4                                         {product} {command line}
     bool HeapDumpOnOutOfMemoryError               = true                                   {manageable} {command line}
    ccstr HeapDumpPath                             = c:\Users\Soumya\AppData\Roaming\Code\User\workspaceStorage\7cd926918f0b6fdb5fd11386bcf5741b\redhat.java         {manageable} {command line}
   size_t InitialHeapSize                          = 104857600                                 {product} {command line}
   size_t MaxHeapSize                              = 2147483648                                {product} {command line}
   size_t MaxNewSize                               = 715653120                                 {product} {ergonomic}
   size_t MinHeapDeltaBytes                        = 524288                                    {product} {ergonomic}
   size_t MinHeapSize                              = 104857600                                 {product} {command line}
   size_t NewSize                                  = 34603008                                  {product} {ergonomic}
    uintx NonNMethodCodeHeapSize                   = 7602480                                {pd product} {ergonomic}
    uintx NonProfiledCodeHeapSize                  = 122027880                              {pd product} {ergonomic}
   size_t OldSize                                  = 70254592                                  {product} {ergonomic}
    uintx ProfiledCodeHeapSize                     = 122027880                              {pd product} {ergonomic}
    uintx ReservedCodeCacheSize                    = 251658240                              {pd product} {ergonomic}
     bool SegmentedCodeCache                       = true                                      {product} {ergonomic}
   size_t SoftMaxHeapSize                          = 2147483648                             {manageable} {ergonomic}
     bool UseCompressedOops                        = true                           {product lp64_product} {ergonomic}
     bool UseLargePagesIndividualAllocation        = false                                  {pd product} {ergonomic}
     bool UseParallelGC                            = true                                      {product} {command line}

Logging:
Log output configuration:
 #0: stdout all=off uptime,level,tags foldmultilines=false
 #1: stderr all=off uptime,level,tags foldmultilines=false

Release file:
JAVA_VERSION="21.0.10" 
MODULES="java.base java.compiler java.datatransfer java.xml java.prefs java.desktop java.instrument java.logging java.management java.security.sasl java.naming java.rmi java.management.rmi java.net.http java.scripting java.security.jgss java.transaction.xa java.sql java.sql.rowset java.xml.crypto java.se java.smartcardio jdk.accessibility jdk.internal.jvmstat jdk.attach jdk.charsets jdk.internal.opt jdk.zipfs jdk.compiler jdk.crypto.ec jdk.crypto.cryptoki jdk.crypto.mscapi jdk.dynalink jdk.internal.ed jdk.editpad jdk.hotspot.agent jdk.httpserver jdk.internal.le jdk.internal.vm.ci jdk.internal.vm.compiler jdk.internal.vm.compiler.management jdk.jartool jdk.javadoc jdk.jcmd jdk.management jdk.management.agent jdk.jconsole jdk.jdeps jdk.jdwp.agent jdk.jdi jdk.jfr jdk.jshell jdk.jsobject jdk.jstatd jdk.localedata jdk.management.jfr jdk.naming.dns jdk.naming.rmi jdk.net jdk.nio.mapmode jdk.random jdk.sctp jdk.security.auth jdk.security.jgss jdk.unsupported jdk.unsupported.desktop jdk.xml.dom" 

Environment Variables:
JAVA_HOME=D:\Program Files\Java\jdk-17
PATH=C:\Users\Soumya\AppData\Local\Programs\Microsoft VS Code;C:\Windows\system32;C:\Windows;C:\Windows\System32\Wbem;C:\Windows\System32\WindowsPowerShell\v1.0\;D:\Program Files\Java\jdk-17\bin;C:\Program Files\nodejs\;D:\Python311\Scripts\;D:\Python311\;C:\Users\Soumya\AppData\Local\Programs\Python\Python312\Scripts\;C:\Users\Soumya\AppData\Local\Programs\Python\Python312\;C:\Program Files\MySQL\MySQL Shell 8.0\bin\;C:\Users\Soumya\AppData\Local\Programs\Microsoft VS Code\bin;C:\Program Files\JetBrains\PyCharm Community Edition 2024.1.4\bin;;C:\Users\Soumya\AppData\Roaming\npm;C:\Program Files (x86)\MongoDB Atlas CLI\;
USERNAME=Soumya
OS=Windows_NT
PROCESSOR_IDENTIFIER=AMD64 Family 23 Model 104 Stepping 1, AuthenticAMD
TMP=C:\Users\Soumya\AppData\Local\Temp
TEMP=C:\Users\Soumya\AppData\Local\Temp




Periodic native trim disabled

---------------  S Y S T E M  ---------------

OS:
 Windows 11 , 64 bit Build 22621 (10.0.22621.5415)
OS uptime: 16 days 0:00 hours

CPU: total 16 (initial active 16) (16 cores per cpu, 2 threads per core) family 23 model 104 stepping 1 microcode 0x0, cx8, cmov, fxsr, ht, mmx, 3dnowpref, sse, sse2, sse3, ssse3, sse4a, sse4.1, sse4.2, popcnt, lzcnt, tsc, tscinvbit, avx, avx2, aes, clmul, bmi1, bmi2, adx, sha, fma, vzeroupper, clflush, clflushopt, rdtscp, rdpid, f16c
Processor Information for the first 16 processors :
  Max Mhz: 1801, Current Mhz: 1801, Mhz Limit: 1801

Memory: 4k page, system-wide physical 15706M (2859M free)
TotalPageFile size 16730M (AvailPageFile size 11M)
current process WorkingSet (physical memory assigned to process): 88M, peak: 89M
current process commit charge ("private bytes"): 258M, peak: 259M

vm_info: OpenJDK 64-Bit Server VM (21.0.10+7-LTS) for windows-amd64 JRE (21.0.10+7-LTS), built on 2026-01-20T00:00:00Z by "admin" with MS VC++ 17.12 (VS2022)

END.
